<?xml version="1.0" encoding="UTF-8"?>
<!-- Generated by org.testng.reporters.JUnitXMLReporter -->
<testsuite hostname="G1C2ML14207" ignored="0" name="Test" tests="7" failures="1" timestamp="16 Sep 2018 03:24:57 GMT" time="82.715" errors="0">
  <testcase name="@AfterTest cleanup" time="1.687" classname="com.mindtree.omsframework.testcasesExecution.OMS_Homepage_Test">
    <failure type="org.openqa.selenium.NoSuchSessionException" message="no such session
  (Driver info: chromedriver=2.41.578737 (49da6702b16031c40d63e5618de03a32ff6c197e),platform=Windows NT 10.0.16299 x86_64) (WARNING: The server did not provide any stacktrace information)
Command duration or timeout: 0 milliseconds
Build info: version: &amp;apos;3.5.3&amp;apos;, revision: &amp;apos;a88d25fe6b&amp;apos;, time: &amp;apos;2017-08-29T12:42:44.417Z&amp;apos;
System info: host: &amp;apos;G1C2ML14207&amp;apos;, ip: &amp;apos;172.17.124.30&amp;apos;, os.name: &amp;apos;Windows 10&amp;apos;, os.arch: &amp;apos;amd64&amp;apos;, os.version: &amp;apos;10.0&amp;apos;, java.version: &amp;apos;1.8.0_102&amp;apos;
Driver info: org.openqa.selenium.chrome.ChromeDriver
Capabilities [{mobileEmulationEnabled=false, hasTouchScreen=false, platform=XP, acceptSslCerts=false, goog:chromeOptions={debuggerAddress=localhost:60462}, acceptInsecureCerts=false, webStorageEnabled=true, browserName=chrome, takesScreenshot=true, javascriptEnabled=true, platformName=XP, setWindowRect=true, unexpectedAlertBehaviour=, applicationCacheEnabled=false, rotatable=false, networkConnectionEnabled=false, chrome={chromedriverVersion=2.41.578737 (49da6702b16031c40d63e5618de03a32ff6c197e), userDataDir=C:\Users\M1046847\AppData\Local\Temp\scoped_dir49100_11046}, takesHeapSnapshot=true, unhandledPromptBehavior=, pageLoadStrategy=normal, databaseEnabled=false, handlesAlerts=true, version=68.0.3440.106, browserConnectionEnabled=false, nativeEvents=true, locationContextEnabled=true, cssSelectorsEnabled=true}]
Session ID: 5413e88d1ac2ad7e4408d1603fb331e1">
      <![CDATA[org.openqa.selenium.NoSuchSessionException: no such session
  (Driver info: chromedriver=2.41.578737 (49da6702b16031c40d63e5618de03a32ff6c197e),platform=Windows NT 10.0.16299 x86_64) (WARNING: The server did not provide any stacktrace information)
Command duration or timeout: 0 milliseconds
Build info: version: '3.5.3', revision: 'a88d25fe6b', time: '2017-08-29T12:42:44.417Z'
System info: host: 'G1C2ML14207', ip: '172.17.124.30', os.name: 'Windows 10', os.arch: 'amd64', os.version: '10.0', java.version: '1.8.0_102'
Driver info: org.openqa.selenium.chrome.ChromeDriver
Capabilities [{mobileEmulationEnabled=false, hasTouchScreen=false, platform=XP, acceptSslCerts=false, goog:chromeOptions={debuggerAddress=localhost:60462}, acceptInsecureCerts=false, webStorageEnabled=true, browserName=chrome, takesScreenshot=true, javascriptEnabled=true, platformName=XP, setWindowRect=true, unexpectedAlertBehaviour=, applicationCacheEnabled=false, rotatable=false, networkConnectionEnabled=false, chrome={chromedriverVersion=2.41.578737 (49da6702b16031c40d63e5618de03a32ff6c197e), userDataDir=C:\Users\M1046847\AppData\Local\Temp\scoped_dir49100_11046}, takesHeapSnapshot=true, unhandledPromptBehavior=, pageLoadStrategy=normal, databaseEnabled=false, handlesAlerts=true, version=68.0.3440.106, browserConnectionEnabled=false, nativeEvents=true, locationContextEnabled=true, cssSelectorsEnabled=true}]
Session ID: 5413e88d1ac2ad7e4408d1603fb331e1
	at org.openqa.selenium.remote.ErrorHandler.createThrowable(ErrorHandler.java:215)
	at org.openqa.selenium.remote.ErrorHandler.throwIfResponseFailed(ErrorHandler.java:167)
	at org.openqa.selenium.remote.http.JsonHttpResponseCodec.reconstructValue(JsonHttpResponseCodec.java:40)
	at org.openqa.selenium.remote.http.AbstractHttpResponseCodec.decode(AbstractHttpResponseCodec.java:82)
	at org.openqa.selenium.remote.http.AbstractHttpResponseCodec.decode(AbstractHttpResponseCodec.java:45)
	at org.openqa.selenium.remote.HttpCommandExecutor.execute(HttpCommandExecutor.java:164)
	at org.openqa.selenium.remote.service.DriverCommandExecutor.execute(DriverCommandExecutor.java:82)
	at org.openqa.selenium.remote.RemoteWebDriver.execute(RemoteWebDriver.java:646)
	at org.openqa.selenium.remote.RemoteWebDriver.execute(RemoteWebDriver.java:703)
	at org.openqa.selenium.remote.RemoteWebDriver.close(RemoteWebDriver.java:532)
	at com.mindtree.omsframework.testcasesExecution.OMS_Homepage_Test.cleanup(OMS_Homepage_Test.java:154)
... Removed 27 stack frames]]>
    </failure>
  </testcase> <!-- @AfterTest cleanup -->
  <testcase name="Test_Case1_CheckTitle" time="8.365" classname="com.mindtree.omsframework.testcasesExecution.OMS_Homepage_Test">
    <failure type="java.lang.AssertionError" message="expected [OMS-QA-1.8.0] but found [OMS-QA-1.8]">
      <![CDATA[java.lang.AssertionError: expected [OMS-QA-1.8.0] but found [OMS-QA-1.8]
	at com.mindtree.omsframework.testcasesExecution.OMS_Homepage_Test.Test_Case1_CheckTitle(OMS_Homepage_Test.java:96)
... Removed 31 stack frames]]>
    </failure>
  </testcase> <!-- Test_Case1_CheckTitle -->
  <testcase name="Test_Case2_checkomsTitle" time="0.11" classname="com.mindtree.omsframework.testcasesExecution.OMS_Homepage_Test"/>
  <testcase name="TestCase_Batch_Button_OMS" time="0.29" classname="com.mindtree.omsframework.testcasesExecution.OMS_Homepage_Test"/>
  <testcase name="TestCase_Track_Button_OMS" time="0.304" classname="com.mindtree.omsframework.testcasesExecution.OMS_Homepage_Test"/>
  <testcase name="TestCase_Assginment_Button_OMS" time="0.26" classname="com.mindtree.omsframework.testcasesExecution.OMS_Homepage_Test"/>
  <testcase name="TestCase_Groups_Button_OMS" time="0.286" classname="com.mindtree.omsframework.testcasesExecution.OMS_Homepage_Test"/>
  <testcase name="TestCase_Users_Button_OMS" time="0.234" classname="com.mindtree.omsframework.testcasesExecution.OMS_Homepage_Test"/>
</testsuite> <!-- Test -->
