<?xml version="1.0" encoding="UTF-8"?>
<testng-results skipped="0" failed="1" ignored="0" total="7" passed="6">
  <reporter-output>
  </reporter-output>
  <suite name="Default suite" duration-ms="78942" started-at="2018-09-17T18:11:05Z" finished-at="2018-09-17T18:12:24Z">
    <groups>
    </groups>
    <test name="Default test" duration-ms="78942" started-at="2018-09-17T18:11:05Z" finished-at="2018-09-17T18:12:24Z">
      <class name="com.mindtree.omsframework.testcasesExecution.OMS_Homepage_Test">
        <test-method status="PASS" signature="setup()[pri:0, instance:com.mindtree.omsframework.testcasesExecution.OMS_Homepage_Test@25af5db5]" name="setup" is-config="true" duration-ms="471" started-at="2018-09-17T23:41:05Z" finished-at="2018-09-17T23:41:06Z">
          <reporter-output>
          </reporter-output>
        </test-method> <!-- setup -->
        <test-method status="PASS" signature="register(java.lang.reflect.Method)[pri:0, instance:com.mindtree.omsframework.testcasesExecution.OMS_Homepage_Test@25af5db5]" name="register" is-config="true" duration-ms="11037" started-at="2018-09-17T23:41:06Z" finished-at="2018-09-17T23:41:17Z">
          <params>
            <param index="0">
              <value>
                <![CDATA[public void com.mindtree.omsframework.testcasesExecution.OMS_Homepage_Test.Test_Case1_CheckTitle()]]>
              </value>
            </param>
          </params>
          <reporter-output>
          </reporter-output>
        </test-method> <!-- register -->
        <test-method status="FAIL" signature="Test_Case1_CheckTitle()[pri:1, instance:com.mindtree.omsframework.testcasesExecution.OMS_Homepage_Test@25af5db5]" name="Test_Case1_CheckTitle" duration-ms="8638" started-at="2018-09-17T23:41:17Z" finished-at="2018-09-17T23:41:25Z">
          <exception class="java.lang.AssertionError">
            <message>
              <![CDATA[expected [OMS-QA-1.8.0] but found [OMS-QA-1.8]]]>
            </message>
            <full-stacktrace>
              <![CDATA[java.lang.AssertionError: expected [OMS-QA-1.8.0] but found [OMS-QA-1.8]
	at org.testng.Assert.fail(Assert.java:93)
	at org.testng.Assert.failNotEquals(Assert.java:512)
	at org.testng.Assert.assertEqualsImpl(Assert.java:134)
	at org.testng.Assert.assertEquals(Assert.java:115)
	at org.testng.Assert.assertEquals(Assert.java:189)
	at org.testng.Assert.assertEquals(Assert.java:199)
	at com.mindtree.omsframework.testcasesExecution.OMS_Homepage_Test.Test_Case1_CheckTitle(OMS_Homepage_Test.java:98)
	at sun.reflect.NativeMethodAccessorImpl.invoke0(Native Method)
	at sun.reflect.NativeMethodAccessorImpl.invoke(NativeMethodAccessorImpl.java:62)
	at sun.reflect.DelegatingMethodAccessorImpl.invoke(DelegatingMethodAccessorImpl.java:43)
	at java.lang.reflect.Method.invoke(Method.java:498)
	at org.testng.internal.MethodInvocationHelper.invokeMethod(MethodInvocationHelper.java:108)
	at org.testng.internal.Invoker.invokeMethod(Invoker.java:661)
	at org.testng.internal.Invoker.invokeTestMethod(Invoker.java:869)
	at org.testng.internal.Invoker.invokeTestMethods(Invoker.java:1193)
	at org.testng.internal.TestMethodWorker.invokeTestMethods(TestMethodWorker.java:126)
	at org.testng.internal.TestMethodWorker.run(TestMethodWorker.java:109)
	at org.testng.TestRunner.privateRun(TestRunner.java:744)
	at org.testng.TestRunner.run(TestRunner.java:602)
	at org.testng.SuiteRunner.runTest(SuiteRunner.java:380)
	at org.testng.SuiteRunner.runSequentially(SuiteRunner.java:375)
	at org.testng.SuiteRunner.privateRun(SuiteRunner.java:340)
	at org.testng.SuiteRunner.run(SuiteRunner.java:289)
	at org.testng.SuiteRunnerWorker.runSuite(SuiteRunnerWorker.java:52)
	at org.testng.SuiteRunnerWorker.run(SuiteRunnerWorker.java:86)
	at org.testng.TestNG.runSuitesSequentially(TestNG.java:1301)
	at org.testng.TestNG.runSuitesLocally(TestNG.java:1226)
	at org.testng.TestNG.runSuites(TestNG.java:1144)
	at org.testng.TestNG.run(TestNG.java:1115)
	at org.testng.remote.AbstractRemoteTestNG.run(AbstractRemoteTestNG.java:114)
	at org.testng.remote.RemoteTestNG.initAndRun(RemoteTestNG.java:251)
	at org.testng.remote.RemoteTestNG.main(RemoteTestNG.java:77)
]]>
            </full-stacktrace>
          </exception> <!-- java.lang.AssertionError -->
          <reporter-output>
          </reporter-output>
        </test-method> <!-- Test_Case1_CheckTitle -->
        <test-method status="PASS" signature="capturestatus(org.testng.ITestResult)[pri:0, instance:com.mindtree.omsframework.testcasesExecution.OMS_Homepage_Test@25af5db5]" name="capturestatus" is-config="true" duration-ms="645" started-at="2018-09-17T23:41:25Z" finished-at="2018-09-17T23:41:26Z">
          <params>
            <param index="0">
              <value>
                <![CDATA[[TestResult name=Test_Case1_CheckTitle status=FAILURE method=OMS_Homepage_Test.Test_Case1_CheckTitle()[pri:1, instance:com.mindtree.omsframework.testcasesExecution.OMS_Homepage_Test@25af5db5] output={null}]]]>
              </value>
            </param>
          </params>
          <reporter-output>
          </reporter-output>
        </test-method> <!-- capturestatus -->
        <test-method status="PASS" signature="register(java.lang.reflect.Method)[pri:0, instance:com.mindtree.omsframework.testcasesExecution.OMS_Homepage_Test@25af5db5]" name="register" is-config="true" duration-ms="9369" started-at="2018-09-17T23:41:26Z" finished-at="2018-09-17T23:41:35Z">
          <params>
            <param index="0">
              <value>
                <![CDATA[public void com.mindtree.omsframework.testcasesExecution.OMS_Homepage_Test.Test_Case2_checkomsTitle()]]>
              </value>
            </param>
          </params>
          <reporter-output>
          </reporter-output>
        </test-method> <!-- register -->
        <test-method status="PASS" signature="Test_Case2_checkomsTitle()[pri:2, instance:com.mindtree.omsframework.testcasesExecution.OMS_Homepage_Test@25af5db5]" name="Test_Case2_checkomsTitle" duration-ms="121" started-at="2018-09-17T23:41:35Z" finished-at="2018-09-17T23:41:36Z">
          <reporter-output>
          </reporter-output>
        </test-method> <!-- Test_Case2_checkomsTitle -->
        <test-method status="PASS" signature="capturestatus(org.testng.ITestResult)[pri:0, instance:com.mindtree.omsframework.testcasesExecution.OMS_Homepage_Test@25af5db5]" name="capturestatus" is-config="true" duration-ms="0" started-at="2018-09-17T23:41:36Z" finished-at="2018-09-17T23:41:36Z">
          <params>
            <param index="0">
              <value>
                <![CDATA[[TestResult name=Test_Case2_checkomsTitle status=SUCCESS method=OMS_Homepage_Test.Test_Case2_checkomsTitle()[pri:2, instance:com.mindtree.omsframework.testcasesExecution.OMS_Homepage_Test@25af5db5] output={null}]]]>
              </value>
            </param>
          </params>
          <reporter-output>
          </reporter-output>
        </test-method> <!-- capturestatus -->
        <test-method status="PASS" signature="register(java.lang.reflect.Method)[pri:0, instance:com.mindtree.omsframework.testcasesExecution.OMS_Homepage_Test@25af5db5]" name="register" is-config="true" duration-ms="9430" started-at="2018-09-17T23:41:36Z" finished-at="2018-09-17T23:41:45Z">
          <params>
            <param index="0">
              <value>
                <![CDATA[public void com.mindtree.omsframework.testcasesExecution.OMS_Homepage_Test.TestCase_Batch_Button_OMS()]]>
              </value>
            </param>
          </params>
          <reporter-output>
          </reporter-output>
        </test-method> <!-- register -->
        <test-method status="PASS" signature="TestCase_Batch_Button_OMS()[pri:3, instance:com.mindtree.omsframework.testcasesExecution.OMS_Homepage_Test@25af5db5]" name="TestCase_Batch_Button_OMS" duration-ms="238" started-at="2018-09-17T23:41:45Z" finished-at="2018-09-17T23:41:45Z">
          <reporter-output>
          </reporter-output>
        </test-method> <!-- TestCase_Batch_Button_OMS -->
        <test-method status="PASS" signature="capturestatus(org.testng.ITestResult)[pri:0, instance:com.mindtree.omsframework.testcasesExecution.OMS_Homepage_Test@25af5db5]" name="capturestatus" is-config="true" duration-ms="1" started-at="2018-09-17T23:41:45Z" finished-at="2018-09-17T23:41:45Z">
          <params>
            <param index="0">
              <value>
                <![CDATA[[TestResult name=TestCase_Batch_Button_OMS status=SUCCESS method=OMS_Homepage_Test.TestCase_Batch_Button_OMS()[pri:3, instance:com.mindtree.omsframework.testcasesExecution.OMS_Homepage_Test@25af5db5] output={null}]]]>
              </value>
            </param>
          </params>
          <reporter-output>
          </reporter-output>
        </test-method> <!-- capturestatus -->
        <test-method status="PASS" signature="register(java.lang.reflect.Method)[pri:0, instance:com.mindtree.omsframework.testcasesExecution.OMS_Homepage_Test@25af5db5]" name="register" is-config="true" duration-ms="9100" started-at="2018-09-17T23:41:45Z" finished-at="2018-09-17T23:41:54Z">
          <params>
            <param index="0">
              <value>
                <![CDATA[public void com.mindtree.omsframework.testcasesExecution.OMS_Homepage_Test.TestCase_Track_Button_OMS()]]>
              </value>
            </param>
          </params>
          <reporter-output>
          </reporter-output>
        </test-method> <!-- register -->
        <test-method status="PASS" signature="TestCase_Track_Button_OMS()[pri:4, instance:com.mindtree.omsframework.testcasesExecution.OMS_Homepage_Test@25af5db5]" name="TestCase_Track_Button_OMS" duration-ms="197" started-at="2018-09-17T23:41:54Z" finished-at="2018-09-17T23:41:55Z">
          <reporter-output>
          </reporter-output>
        </test-method> <!-- TestCase_Track_Button_OMS -->
        <test-method status="PASS" signature="capturestatus(org.testng.ITestResult)[pri:0, instance:com.mindtree.omsframework.testcasesExecution.OMS_Homepage_Test@25af5db5]" name="capturestatus" is-config="true" duration-ms="0" started-at="2018-09-17T23:41:55Z" finished-at="2018-09-17T23:41:55Z">
          <params>
            <param index="0">
              <value>
                <![CDATA[[TestResult name=TestCase_Track_Button_OMS status=SUCCESS method=OMS_Homepage_Test.TestCase_Track_Button_OMS()[pri:4, instance:com.mindtree.omsframework.testcasesExecution.OMS_Homepage_Test@25af5db5] output={null}]]]>
              </value>
            </param>
          </params>
          <reporter-output>
          </reporter-output>
        </test-method> <!-- capturestatus -->
        <test-method status="PASS" signature="register(java.lang.reflect.Method)[pri:0, instance:com.mindtree.omsframework.testcasesExecution.OMS_Homepage_Test@25af5db5]" name="register" is-config="true" duration-ms="9733" started-at="2018-09-17T23:41:55Z" finished-at="2018-09-17T23:42:04Z">
          <params>
            <param index="0">
              <value>
                <![CDATA[public void com.mindtree.omsframework.testcasesExecution.OMS_Homepage_Test.TestCase_Assginment_Button_OMS()]]>
              </value>
            </param>
          </params>
          <reporter-output>
          </reporter-output>
        </test-method> <!-- register -->
        <test-method status="PASS" signature="TestCase_Assginment_Button_OMS()[pri:5, instance:com.mindtree.omsframework.testcasesExecution.OMS_Homepage_Test@25af5db5]" name="TestCase_Assginment_Button_OMS" duration-ms="226" started-at="2018-09-17T23:42:04Z" finished-at="2018-09-17T23:42:04Z">
          <reporter-output>
          </reporter-output>
        </test-method> <!-- TestCase_Assginment_Button_OMS -->
        <test-method status="PASS" signature="capturestatus(org.testng.ITestResult)[pri:0, instance:com.mindtree.omsframework.testcasesExecution.OMS_Homepage_Test@25af5db5]" name="capturestatus" is-config="true" duration-ms="1" started-at="2018-09-17T23:42:04Z" finished-at="2018-09-17T23:42:04Z">
          <params>
            <param index="0">
              <value>
                <![CDATA[[TestResult name=TestCase_Assginment_Button_OMS status=SUCCESS method=OMS_Homepage_Test.TestCase_Assginment_Button_OMS()[pri:5, instance:com.mindtree.omsframework.testcasesExecution.OMS_Homepage_Test@25af5db5] output={null}]]]>
              </value>
            </param>
          </params>
          <reporter-output>
          </reporter-output>
        </test-method> <!-- capturestatus -->
        <test-method status="PASS" signature="register(java.lang.reflect.Method)[pri:0, instance:com.mindtree.omsframework.testcasesExecution.OMS_Homepage_Test@25af5db5]" name="register" is-config="true" duration-ms="9122" started-at="2018-09-17T23:42:04Z" finished-at="2018-09-17T23:42:14Z">
          <params>
            <param index="0">
              <value>
                <![CDATA[public void com.mindtree.omsframework.testcasesExecution.OMS_Homepage_Test.TestCase_Groups_Button_OMS()]]>
              </value>
            </param>
          </params>
          <reporter-output>
          </reporter-output>
        </test-method> <!-- register -->
        <test-method status="PASS" signature="TestCase_Groups_Button_OMS()[pri:6, instance:com.mindtree.omsframework.testcasesExecution.OMS_Homepage_Test@25af5db5]" name="TestCase_Groups_Button_OMS" duration-ms="215" started-at="2018-09-17T23:42:14Z" finished-at="2018-09-17T23:42:14Z">
          <reporter-output>
          </reporter-output>
        </test-method> <!-- TestCase_Groups_Button_OMS -->
        <test-method status="PASS" signature="capturestatus(org.testng.ITestResult)[pri:0, instance:com.mindtree.omsframework.testcasesExecution.OMS_Homepage_Test@25af5db5]" name="capturestatus" is-config="true" duration-ms="1" started-at="2018-09-17T23:42:14Z" finished-at="2018-09-17T23:42:14Z">
          <params>
            <param index="0">
              <value>
                <![CDATA[[TestResult name=TestCase_Groups_Button_OMS status=SUCCESS method=OMS_Homepage_Test.TestCase_Groups_Button_OMS()[pri:6, instance:com.mindtree.omsframework.testcasesExecution.OMS_Homepage_Test@25af5db5] output={null}]]]>
              </value>
            </param>
          </params>
          <reporter-output>
          </reporter-output>
        </test-method> <!-- capturestatus -->
        <test-method status="PASS" signature="register(java.lang.reflect.Method)[pri:0, instance:com.mindtree.omsframework.testcasesExecution.OMS_Homepage_Test@25af5db5]" name="register" is-config="true" duration-ms="9190" started-at="2018-09-17T23:42:14Z" finished-at="2018-09-17T23:42:23Z">
          <params>
            <param index="0">
              <value>
                <![CDATA[public void com.mindtree.omsframework.testcasesExecution.OMS_Homepage_Test.TestCase_Users_Button_OMS()]]>
              </value>
            </param>
          </params>
          <reporter-output>
          </reporter-output>
        </test-method> <!-- register -->
        <test-method status="PASS" signature="TestCase_Users_Button_OMS()[pri:7, instance:com.mindtree.omsframework.testcasesExecution.OMS_Homepage_Test@25af5db5]" name="TestCase_Users_Button_OMS" duration-ms="169" started-at="2018-09-17T23:42:23Z" finished-at="2018-09-17T23:42:23Z">
          <reporter-output>
          </reporter-output>
        </test-method> <!-- TestCase_Users_Button_OMS -->
        <test-method status="PASS" signature="capturestatus(org.testng.ITestResult)[pri:0, instance:com.mindtree.omsframework.testcasesExecution.OMS_Homepage_Test@25af5db5]" name="capturestatus" is-config="true" duration-ms="1" started-at="2018-09-17T23:42:23Z" finished-at="2018-09-17T23:42:23Z">
          <params>
            <param index="0">
              <value>
                <![CDATA[[TestResult name=TestCase_Users_Button_OMS status=SUCCESS method=OMS_Homepage_Test.TestCase_Users_Button_OMS()[pri:7, instance:com.mindtree.omsframework.testcasesExecution.OMS_Homepage_Test@25af5db5] output={null}]]]>
              </value>
            </param>
          </params>
          <reporter-output>
          </reporter-output>
        </test-method> <!-- capturestatus -->
        <test-method status="PASS" signature="cleanup()[pri:0, instance:com.mindtree.omsframework.testcasesExecution.OMS_Homepage_Test@25af5db5]" name="cleanup" is-config="true" duration-ms="969" started-at="2018-09-17T23:42:23Z" finished-at="2018-09-17T23:42:24Z">
          <reporter-output>
          </reporter-output>
        </test-method> <!-- cleanup -->
        <test-method status="PASS" signature="tearDown()[pri:0, instance:com.mindtree.omsframework.testcasesExecution.OMS_Homepage_Test@25af5db5]" name="tearDown" is-config="true" duration-ms="6249" started-at="2018-09-17T23:42:24Z" finished-at="2018-09-17T23:42:30Z">
          <reporter-output>
          </reporter-output>
        </test-method> <!-- tearDown -->
      </class> <!-- com.mindtree.omsframework.testcasesExecution.OMS_Homepage_Test -->
    </test> <!-- Default test -->
  </suite> <!-- Default suite -->
</testng-results>
